<?xml version="1.0" encoding="UTF-8"?>
<!-- Generated by org.testng.reporters.JUnitReportReporter -->
<testsuite hostname="Rajnishs-MacBook-Pro.local" failures="0" tests="4" name="com.browserstack.SingleTest" time="80.123" errors="0" timestamp="2 Sep 2020 09:52:20 GMT">
  <testcase classname="com.browserstack.SingleTest" name="test" time="15.714"/>
  <testcase classname="com.browserstack.SingleTest" name="test" time="19.464"/>
  <testcase classname="com.browserstack.SingleTest" name="test" time="21.631"/>
  <testcase classname="com.browserstack.SingleTest" name="test" time="23.314"/>
</testsuite> <!-- com.browserstack.SingleTest -->
